  [1m[35m (11.2ms)[0m  [1m[35mCREATE TABLE "schema_migrations" ("version" character varying NOT NULL PRIMARY KEY)[0m
  [1m[35m (9.3ms)[0m  [1m[35mCREATE TABLE "ar_internal_metadata" ("key" character varying NOT NULL PRIMARY KEY, "value" character varying, "created_at" timestamp NOT NULL, "updated_at" timestamp NOT NULL)[0m
  [1m[35m (0.3ms)[0m  [1m[34mSELECT pg_try_advisory_lock(3255243015777857265)[0m
  [1m[35m (0.5ms)[0m  [1m[34mSELECT "schema_migrations"."version" FROM "schema_migrations" ORDER BY "schema_migrations"."version" ASC[0m
Migrating to CreateIssues (201805230956)
  [1m[35m (0.4ms)[0m  [1m[34mSELECT pg_advisory_unlock(3255243015777857265)[0m
  [1m[35m (0.2ms)[0m  [1m[34mSELECT pg_try_advisory_lock(3255243015777857265)[0m
  [1m[35m (0.5ms)[0m  [1m[34mSELECT "schema_migrations"."version" FROM "schema_migrations" ORDER BY "schema_migrations"."version" ASC[0m
Migrating to CreateIssues (201805230956)
  [1m[35m (0.3ms)[0m  [1m[34mSELECT pg_advisory_unlock(3255243015777857265)[0m
  [1m[35m (0.3ms)[0m  [1m[34mSELECT pg_try_advisory_lock(3255243015777857265)[0m
  [1m[35m (0.7ms)[0m  [1m[34mSELECT "schema_migrations"."version" FROM "schema_migrations" ORDER BY "schema_migrations"."version" ASC[0m
Migrating to CreateIssues (201805230956)
  [1m[35m (0.3ms)[0m  [1m[35mBEGIN[0m
  [1m[35m (9.1ms)[0m  [1m[35mCREATE TABLE "issues" ("id" serial NOT NULL PRIMARY KEY, "name" character varying NOT NULL, "created_at" timestamp NOT NULL, "updated_at" timestamp NOT NULL)[0m
  [1m[35mSQL (0.6ms)[0m  [1m[32mINSERT INTO "schema_migrations" ("version") VALUES ($1) RETURNING "version"[0m  [["version", "201805230956"]]
  [1m[35m (2.4ms)[0m  [1m[35mCOMMIT[0m
Migrating to CreateEvents (201805230957)
  [1m[35m (0.3ms)[0m  [1m[35mBEGIN[0m
  [1m[35m (7.6ms)[0m  [1m[35mCREATE TABLE "events" ("id" serial NOT NULL PRIMARY KEY, "action" character varying NOT NULL, "issue_id" integer, "created_at" timestamp NOT NULL, "updated_at" timestamp NOT NULL, CONSTRAINT "fk_rails_e891b189f5"
FOREIGN KEY ("issue_id")
  REFERENCES "issues" ("id")
)[0m
  [1m[35m (3.9ms)[0m  [1m[35mCREATE  INDEX  "index_events_on_issue_id" ON "events"  ("issue_id")[0m
  [1m[35mSQL (0.7ms)[0m  [1m[32mINSERT INTO "schema_migrations" ("version") VALUES ($1) RETURNING "version"[0m  [["version", "201805230957"]]
  [1m[35m (2.3ms)[0m  [1m[35mCOMMIT[0m
  [1m[36mActiveRecord::InternalMetadata Load (0.4ms)[0m  [1m[34mSELECT  "ar_internal_metadata".* FROM "ar_internal_metadata" WHERE "ar_internal_metadata"."key" = $1 LIMIT $2[0m  [["key", "environment"], ["LIMIT", 1]]
  [1m[35m (0.3ms)[0m  [1m[35mBEGIN[0m
  [1m[35mSQL (0.5ms)[0m  [1m[32mINSERT INTO "ar_internal_metadata" ("key", "value", "created_at", "updated_at") VALUES ($1, $2, $3, $4) RETURNING "key"[0m  [["key", "environment"], ["value", "development"], ["created_at", "2018-05-23 14:48:30.129438"], ["updated_at", "2018-05-23 14:48:30.129438"]]
  [1m[35m (1.1ms)[0m  [1m[35mCOMMIT[0m
  [1m[35m (0.4ms)[0m  [1m[34mSELECT pg_advisory_unlock(3255243015777857265)[0m
  [1m[35m (0.3ms)[0m  [1m[34mSELECT "schema_migrations"."version" FROM "schema_migrations" ORDER BY "schema_migrations"."version" ASC[0m
  [1m[35m (0.4ms)[0m  [1m[34mSELECT pg_try_advisory_lock(3255243015777857265)[0m
  [1m[35m (0.6ms)[0m  [1m[34mSELECT "schema_migrations"."version" FROM "schema_migrations" ORDER BY "schema_migrations"."version" ASC[0m
  [1m[36mActiveRecord::InternalMetadata Load (0.4ms)[0m  [1m[34mSELECT  "ar_internal_metadata".* FROM "ar_internal_metadata" WHERE "ar_internal_metadata"."key" = $1 LIMIT $2[0m  [["key", "environment"], ["LIMIT", 1]]
  [1m[35m (0.4ms)[0m  [1m[35mBEGIN[0m
  [1m[35m (0.2ms)[0m  [1m[35mCOMMIT[0m
  [1m[35m (0.3ms)[0m  [1m[34mSELECT pg_advisory_unlock(3255243015777857265)[0m
  [1m[35m (0.3ms)[0m  [1m[34mSELECT "schema_migrations"."version" FROM "schema_migrations" ORDER BY "schema_migrations"."version" ASC[0m
  [1m[35m (0.2ms)[0m  [1m[34mSELECT pg_try_advisory_lock(3255243015777857265)[0m
  [1m[35m (0.6ms)[0m  [1m[34mSELECT "schema_migrations"."version" FROM "schema_migrations" ORDER BY "schema_migrations"."version" ASC[0m
  [1m[36mActiveRecord::InternalMetadata Load (0.4ms)[0m  [1m[34mSELECT  "ar_internal_metadata".* FROM "ar_internal_metadata" WHERE "ar_internal_metadata"."key" = $1 LIMIT $2[0m  [["key", "environment"], ["LIMIT", 1]]
  [1m[35m (0.3ms)[0m  [1m[35mBEGIN[0m
  [1m[35m (0.2ms)[0m  [1m[35mCOMMIT[0m
  [1m[35m (0.3ms)[0m  [1m[34mSELECT pg_advisory_unlock(3255243015777857265)[0m
  [1m[35m (0.4ms)[0m  [1m[34mSELECT "schema_migrations"."version" FROM "schema_migrations" ORDER BY "schema_migrations"."version" ASC[0m
  [1m[35m (0.5ms)[0m  [1m[34mSELECT "schema_migrations"."version" FROM "schema_migrations" ORDER BY "schema_migrations"."version" ASC[0m
  [1m[35m (0.2ms)[0m  [1m[34mSELECT pg_try_advisory_lock(3255243015777857265)[0m
  [1m[35m (0.3ms)[0m  [1m[34mSELECT "schema_migrations"."version" FROM "schema_migrations" ORDER BY "schema_migrations"."version" ASC[0m
Migrating to CreateEvents (201805230957)
  [1m[35m (0.2ms)[0m  [1m[35mBEGIN[0m
  [1m[35m (0.2ms)[0m  [1m[31mROLLBACK[0m
  [1m[35m (0.3ms)[0m  [1m[34mSELECT pg_advisory_unlock(3255243015777857265)[0m
  [1m[35m (0.6ms)[0m  [1m[34mSELECT "schema_migrations"."version" FROM "schema_migrations" ORDER BY "schema_migrations"."version" ASC[0m
  [1m[35m (0.2ms)[0m  [1m[34mSELECT pg_try_advisory_lock(3255243015777857265)[0m
  [1m[35m (0.2ms)[0m  [1m[34mSELECT "schema_migrations"."version" FROM "schema_migrations" ORDER BY "schema_migrations"."version" ASC[0m
Migrating to CreateEvents (201805230957)
  [1m[35m (0.2ms)[0m  [1m[35mBEGIN[0m
  [1m[35m (1.5ms)[0m  [1m[35mDROP TABLE "events"[0m
  [1m[35mSQL (0.5ms)[0m  [1m[31mDELETE FROM "schema_migrations" WHERE "schema_migrations"."version" = $1[0m  [["version", "201805230957"]]
  [1m[35m (2.9ms)[0m  [1m[35mCOMMIT[0m
  [1m[35m (0.3ms)[0m  [1m[34mSELECT pg_advisory_unlock(3255243015777857265)[0m
  [1m[35m (0.3ms)[0m  [1m[34mSELECT "schema_migrations"."version" FROM "schema_migrations" ORDER BY "schema_migrations"."version" ASC[0m
  [1m[35m (0.6ms)[0m  [1m[34mSELECT "schema_migrations"."version" FROM "schema_migrations" ORDER BY "schema_migrations"."version" ASC[0m
  [1m[35m (0.2ms)[0m  [1m[34mSELECT pg_try_advisory_lock(3255243015777857265)[0m
  [1m[35m (0.3ms)[0m  [1m[34mSELECT "schema_migrations"."version" FROM "schema_migrations" ORDER BY "schema_migrations"."version" ASC[0m
Migrating to CreateIssues (201805230956)
  [1m[35m (0.3ms)[0m  [1m[35mBEGIN[0m
  [1m[35m (0.9ms)[0m  [1m[35mDROP TABLE "issues"[0m
  [1m[35mSQL (0.5ms)[0m  [1m[31mDELETE FROM "schema_migrations" WHERE "schema_migrations"."version" = $1[0m  [["version", "201805230956"]]
  [1m[35m (2.0ms)[0m  [1m[35mCOMMIT[0m
  [1m[35m (0.3ms)[0m  [1m[34mSELECT pg_advisory_unlock(3255243015777857265)[0m
  [1m[35m (0.3ms)[0m  [1m[34mSELECT "schema_migrations"."version" FROM "schema_migrations" ORDER BY "schema_migrations"."version" ASC[0m
  [1m[35m (0.3ms)[0m  [1m[34mSELECT pg_try_advisory_lock(3255243015777857265)[0m
  [1m[35m (0.5ms)[0m  [1m[34mSELECT "schema_migrations"."version" FROM "schema_migrations" ORDER BY "schema_migrations"."version" ASC[0m
Migrating to CreateIssues (201805230956)
  [1m[35m (0.2ms)[0m  [1m[35mBEGIN[0m
  [1m[35m (5.6ms)[0m  [1m[35mCREATE TABLE "issues" ("id" serial NOT NULL PRIMARY KEY, "created_at" timestamp NOT NULL, "updated_at" timestamp NOT NULL)[0m
  [1m[35mSQL (0.4ms)[0m  [1m[32mINSERT INTO "schema_migrations" ("version") VALUES ($1) RETURNING "version"[0m  [["version", "201805230956"]]
  [1m[35m (2.1ms)[0m  [1m[35mCOMMIT[0m
Migrating to CreateEvents (201805230957)
  [1m[35m (0.3ms)[0m  [1m[35mBEGIN[0m
  [1m[35m (8.7ms)[0m  [1m[35mCREATE TABLE "events" ("id" serial NOT NULL PRIMARY KEY, "action" character varying NOT NULL, "issue_id" integer, "created_at" timestamp NOT NULL, "updated_at" timestamp NOT NULL, CONSTRAINT "fk_rails_e891b189f5"
FOREIGN KEY ("issue_id")
  REFERENCES "issues" ("id")
)[0m
  [1m[35m (3.0ms)[0m  [1m[35mCREATE  INDEX  "index_events_on_issue_id" ON "events"  ("issue_id")[0m
  [1m[35mSQL (0.4ms)[0m  [1m[32mINSERT INTO "schema_migrations" ("version") VALUES ($1) RETURNING "version"[0m  [["version", "201805230957"]]
  [1m[35m (3.2ms)[0m  [1m[35mCOMMIT[0m
  [1m[36mActiveRecord::InternalMetadata Load (0.4ms)[0m  [1m[34mSELECT  "ar_internal_metadata".* FROM "ar_internal_metadata" WHERE "ar_internal_metadata"."key" = $1 LIMIT $2[0m  [["key", "environment"], ["LIMIT", 1]]
  [1m[35m (0.4ms)[0m  [1m[35mBEGIN[0m
  [1m[35m (0.2ms)[0m  [1m[35mCOMMIT[0m
  [1m[35m (0.3ms)[0m  [1m[34mSELECT pg_advisory_unlock(3255243015777857265)[0m
  [1m[35m (0.4ms)[0m  [1m[34mSELECT "schema_migrations"."version" FROM "schema_migrations" ORDER BY "schema_migrations"."version" ASC[0m
Started POST "/" for 192.30.252.44 at 2018-05-23 13:34:40 -0300
  [1m[35m (0.9ms)[0m  [1m[34mSELECT "schema_migrations"."version" FROM "schema_migrations" ORDER BY "schema_migrations"."version" ASC[0m
  
ActionController::RoutingError (No route matches [POST] "/"):
  
actionpack (5.1.6) lib/action_dispatch/middleware/debug_exceptions.rb:63:in `call'
actionpack (5.1.6) lib/action_dispatch/middleware/show_exceptions.rb:31:in `call'
railties (5.1.6) lib/rails/rack/logger.rb:36:in `call_app'
railties (5.1.6) lib/rails/rack/logger.rb:24:in `block in call'
activesupport (5.1.6) lib/active_support/tagged_logging.rb:69:in `block in tagged'
activesupport (5.1.6) lib/active_support/tagged_logging.rb:26:in `tagged'
activesupport (5.1.6) lib/active_support/tagged_logging.rb:69:in `tagged'
railties (5.1.6) lib/rails/rack/logger.rb:24:in `call'
actionpack (5.1.6) lib/action_dispatch/middleware/remote_ip.rb:79:in `call'
actionpack (5.1.6) lib/action_dispatch/middleware/request_id.rb:25:in `call'
rack (2.0.5) lib/rack/runtime.rb:22:in `call'
activesupport (5.1.6) lib/active_support/cache/strategy/local_cache_middleware.rb:27:in `call'
actionpack (5.1.6) lib/action_dispatch/middleware/executor.rb:12:in `call'
actionpack (5.1.6) lib/action_dispatch/middleware/static.rb:125:in `call'
rack (2.0.5) lib/rack/sendfile.rb:111:in `call'
rack-cors (1.0.2) lib/rack/cors.rb:97:in `call'
railties (5.1.6) lib/rails/engine.rb:522:in `call'
puma (3.11.4) lib/puma/configuration.rb:225:in `call'
puma (3.11.4) lib/puma/server.rb:632:in `handle_request'
puma (3.11.4) lib/puma/server.rb:446:in `process_client'
puma (3.11.4) lib/puma/server.rb:306:in `block in run'
puma (3.11.4) lib/puma/thread_pool.rb:120:in `block in spawn_thread'
Started POST "/events" for 192.30.252.39 at 2018-05-23 13:35:32 -0300
Processing by EventsController#create as */*
  Parameters: {"zen"=>"Practicality beats purity.", "hook_id"=>30583000, "hook"=>{"type"=>"Repository", "id"=>30583000, "name"=>"web", "active"=>true, "events"=>["*"], "config"=>{"content_type"=>"json", "insecure_ssl"=>"0", "url"=>"http://e6017e78.ngrok.io/events"}, "updated_at"=>"2018-05-23T16:35:32Z", "created_at"=>"2018-05-23T16:35:32Z", "url"=>"https://api.github.com/repos/rafaeldbernardes/octo-events/hooks/30583000", "test_url"=>"https://api.github.com/repos/rafaeldbernardes/octo-events/hooks/30583000/test", "ping_url"=>"https://api.github.com/repos/rafaeldbernardes/octo-events/hooks/30583000/pings", "last_response"=>{"code"=>nil, "status"=>"unused", "message"=>nil}}, "repository"=>{"id"=>134597790, "name"=>"octo-events", "full_name"=>"rafaeldbernardes/octo-events", "owner"=>{"login"=>"rafaeldbernardes", "id"=>6866119, "avatar_url"=>"https://avatars1.githubusercontent.com/u/6866119?v=4", "gravatar_id"=>"", "url"=>"https://api.github.com/users/rafaeldbernardes", "html_url"=>"https://github.com/rafaeldbernardes", "followers_url"=>"https://api.github.com/users/rafaeldbernardes/followers", "following_url"=>"https://api.github.com/users/rafaeldbernardes/following{/other_user}", "gists_url"=>"https://api.github.com/users/rafaeldbernardes/gists{/gist_id}", "starred_url"=>"https://api.github.com/users/rafaeldbernardes/starred{/owner}{/repo}", "subscriptions_url"=>"https://api.github.com/users/rafaeldbernardes/subscriptions", "organizations_url"=>"https://api.github.com/users/rafaeldbernardes/orgs", "repos_url"=>"https://api.github.com/users/rafaeldbernardes/repos", "events_url"=>"https://api.github.com/users/rafaeldbernardes/events{/privacy}", "received_events_url"=>"https://api.github.com/users/rafaeldbernardes/received_events", "type"=>"User", "site_admin"=>false}, "private"=>false, "html_url"=>"https://github.com/rafaeldbernardes/octo-events", "description"=>"OCTO Events Repository", "fork"=>false, "url"=>"https://api.github.com/repos/rafaeldbernardes/octo-events", "forks_url"=>"https://api.github.com/repos/rafaeldbernardes/octo-events/forks", "keys_url"=>"https://api.github.com/repos/rafaeldbernardes/octo-events/keys{/key_id}", "collaborators_url"=>"https://api.github.com/repos/rafaeldbernardes/octo-events/collaborators{/collaborator}", "teams_url"=>"https://api.github.com/repos/rafaeldbernardes/octo-events/teams", "hooks_url"=>"https://api.github.com/repos/rafaeldbernardes/octo-events/hooks", "issue_events_url"=>"https://api.github.com/repos/rafaeldbernardes/octo-events/issues/events{/number}", "events_url"=>"https://api.github.com/repos/rafaeldbernardes/octo-events/events", "assignees_url"=>"https://api.github.com/repos/rafaeldbernardes/octo-events/assignees{/user}", "branches_url"=>"https://api.github.com/repos/rafaeldbernardes/octo-events/branches{/branch}", "tags_url"=>"https://api.github.com/repos/rafaeldbernardes/octo-events/tags", "blobs_url"=>"https://api.github.com/repos/rafaeldbernardes/octo-events/git/blobs{/sha}", "git_tags_url"=>"https://api.github.com/repos/rafaeldbernardes/octo-events/git/tags{/sha}", "git_refs_url"=>"https://api.github.com/repos/rafaeldbernardes/octo-events/git/refs{/sha}", "trees_url"=>"https://api.github.com/repos/rafaeldbernardes/octo-events/git/trees{/sha}", "statuses_url"=>"https://api.github.com/repos/rafaeldbernardes/octo-events/statuses/{sha}", "languages_url"=>"https://api.github.com/repos/rafaeldbernardes/octo-events/languages", "stargazers_url"=>"https://api.github.com/repos/rafaeldbernardes/octo-events/stargazers", "contributors_url"=>"https://api.github.com/repos/rafaeldbernardes/octo-events/contributors", "subscribers_url"=>"https://api.github.com/repos/rafaeldbernardes/octo-events/subscribers", "subscription_url"=>"https://api.github.com/repos/rafaeldbernardes/octo-events/subscription", "commits_url"=>"https://api.github.com/repos/rafaeldbernardes/octo-events/commits{/sha}", "git_commits_url"=>"https://api.github.com/repos/rafaeldbernardes/octo-events/git/commits{/sha}", "comments_url"=>"https://api.github.com/repos/rafaeldbernardes/octo-events/comments{/number}", "issue_comment_url"=>"https://api.github.com/repos/rafaeldbernardes/octo-events/issues/comments{/number}", "contents_url"=>"https://api.github.com/repos/rafaeldbernardes/octo-events/contents/{+path}", "compare_url"=>"https://api.github.com/repos/rafaeldbernardes/octo-events/compare/{base}...{head}", "merges_url"=>"https://api.github.com/repos/rafaeldbernardes/octo-events/merges", "archive_url"=>"https://api.github.com/repos/rafaeldbernardes/octo-events/{archive_format}{/ref}", "downloads_url"=>"https://api.github.com/repos/rafaeldbernardes/octo-events/downloads", "issues_url"=>"https://api.github.com/repos/rafaeldbernardes/octo-events/issues{/number}", "pulls_url"=>"https://api.github.com/repos/rafaeldbernardes/octo-events/pulls{/number}", "milestones_url"=>"https://api.github.com/repos/rafaeldbernardes/octo-events/milestones{/number}", "notifications_url"=>"https://api.github.com/repos/rafaeldbernardes/octo-events/notifications{?since,all,participating}", "labels_url"=>"https://api.github.com/repos/rafaeldbernardes/octo-events/labels{/name}", "releases_url"=>"https://api.github.com/repos/rafaeldbernardes/octo-events/releases{/id}", "deployments_url"=>"https://api.github.com/repos/rafaeldbernardes/octo-events/deployments", "created_at"=>"2018-05-23T16:31:32Z", "updated_at"=>"2018-05-23T16:32:10Z", "pushed_at"=>"2018-05-23T16:32:09Z", "git_url"=>"git://github.com/rafaeldbernardes/octo-events.git", "ssh_url"=>"git@github.com:rafaeldbernardes/octo-events.git", "clone_url"=>"https://github.com/rafaeldbernardes/octo-events.git", "svn_url"=>"https://github.com/rafaeldbernardes/octo-events", "homepage"=>nil, "size"=>0, "stargazers_count"=>0, "watchers_count"=>0, "language"=>"Ruby", "has_issues"=>true, "has_projects"=>true, "has_downloads"=>true, "has_wiki"=>true, "has_pages"=>false, "forks_count"=>0, "mirror_url"=>nil, "archived"=>false, "open_issues_count"=>0, "license"=>nil, "forks"=>0, "open_issues"=>0, "watchers"=>0, "default_branch"=>"master"}, "sender"=>{"login"=>"rafaeldbernardes", "id"=>6866119, "avatar_url"=>"https://avatars1.githubusercontent.com/u/6866119?v=4", "gravatar_id"=>"", "url"=>"https://api.github.com/users/rafaeldbernardes", "html_url"=>"https://github.com/rafaeldbernardes", "followers_url"=>"https://api.github.com/users/rafaeldbernardes/followers", "following_url"=>"https://api.github.com/users/rafaeldbernardes/following{/other_user}", "gists_url"=>"https://api.github.com/users/rafaeldbernardes/gists{/gist_id}", "starred_url"=>"https://api.github.com/users/rafaeldbernardes/starred{/owner}{/repo}", "subscriptions_url"=>"https://api.github.com/users/rafaeldbernardes/subscriptions", "organizations_url"=>"https://api.github.com/users/rafaeldbernardes/orgs", "repos_url"=>"https://api.github.com/users/rafaeldbernardes/repos", "events_url"=>"https://api.github.com/users/rafaeldbernardes/events{/privacy}", "received_events_url"=>"https://api.github.com/users/rafaeldbernardes/received_events", "type"=>"User", "site_admin"=>false}, "formats"=>:json, "event"=>{}}
Unpermitted parameters: :zen, :hook_id, :hook, :repository, :sender, :formats, :event
  [1m[35m (0.3ms)[0m  [1m[35mBEGIN[0m
  [1m[35mSQL (1.5ms)[0m  [1m[32mINSERT INTO "issues" ("created_at", "updated_at") VALUES ($1, $2) RETURNING "id"[0m  [["created_at", "2018-05-23 16:35:32.408898"], ["updated_at", "2018-05-23 16:35:32.408898"]]
  [1m[35m (1.4ms)[0m  [1m[35mCOMMIT[0m
Completed 422 Unprocessable Entity in 500ms (Views: 0.6ms | ActiveRecord: 15.8ms)


Started POST "/events" for 192.30.252.39 at 2018-05-23 13:40:27 -0300
Processing by EventsController#create as */*
  Parameters: {"zen"=>"Encourage flow.", "hook_id"=>30583387, "hook"=>{"type"=>"Repository", "id"=>30583387, "name"=>"web", "active"=>true, "events"=>["issues"], "config"=>{"content_type"=>"json", "insecure_ssl"=>"0", "url"=>"http://e6017e78.ngrok.io/events"}, "updated_at"=>"2018-05-23T16:40:27Z", "created_at"=>"2018-05-23T16:40:27Z", "url"=>"https://api.github.com/repos/rafaeldbernardes/octo-events/hooks/30583387", "test_url"=>"https://api.github.com/repos/rafaeldbernardes/octo-events/hooks/30583387/test", "ping_url"=>"https://api.github.com/repos/rafaeldbernardes/octo-events/hooks/30583387/pings", "last_response"=>{"code"=>nil, "status"=>"unused", "message"=>nil}}, "repository"=>{"id"=>134597790, "name"=>"octo-events", "full_name"=>"rafaeldbernardes/octo-events", "owner"=>{"login"=>"rafaeldbernardes", "id"=>6866119, "avatar_url"=>"https://avatars1.githubusercontent.com/u/6866119?v=4", "gravatar_id"=>"", "url"=>"https://api.github.com/users/rafaeldbernardes", "html_url"=>"https://github.com/rafaeldbernardes", "followers_url"=>"https://api.github.com/users/rafaeldbernardes/followers", "following_url"=>"https://api.github.com/users/rafaeldbernardes/following{/other_user}", "gists_url"=>"https://api.github.com/users/rafaeldbernardes/gists{/gist_id}", "starred_url"=>"https://api.github.com/users/rafaeldbernardes/starred{/owner}{/repo}", "subscriptions_url"=>"https://api.github.com/users/rafaeldbernardes/subscriptions", "organizations_url"=>"https://api.github.com/users/rafaeldbernardes/orgs", "repos_url"=>"https://api.github.com/users/rafaeldbernardes/repos", "events_url"=>"https://api.github.com/users/rafaeldbernardes/events{/privacy}", "received_events_url"=>"https://api.github.com/users/rafaeldbernardes/received_events", "type"=>"User", "site_admin"=>false}, "private"=>false, "html_url"=>"https://github.com/rafaeldbernardes/octo-events", "description"=>"OCTO Events Repository", "fork"=>false, "url"=>"https://api.github.com/repos/rafaeldbernardes/octo-events", "forks_url"=>"https://api.github.com/repos/rafaeldbernardes/octo-events/forks", "keys_url"=>"https://api.github.com/repos/rafaeldbernardes/octo-events/keys{/key_id}", "collaborators_url"=>"https://api.github.com/repos/rafaeldbernardes/octo-events/collaborators{/collaborator}", "teams_url"=>"https://api.github.com/repos/rafaeldbernardes/octo-events/teams", "hooks_url"=>"https://api.github.com/repos/rafaeldbernardes/octo-events/hooks", "issue_events_url"=>"https://api.github.com/repos/rafaeldbernardes/octo-events/issues/events{/number}", "events_url"=>"https://api.github.com/repos/rafaeldbernardes/octo-events/events", "assignees_url"=>"https://api.github.com/repos/rafaeldbernardes/octo-events/assignees{/user}", "branches_url"=>"https://api.github.com/repos/rafaeldbernardes/octo-events/branches{/branch}", "tags_url"=>"https://api.github.com/repos/rafaeldbernardes/octo-events/tags", "blobs_url"=>"https://api.github.com/repos/rafaeldbernardes/octo-events/git/blobs{/sha}", "git_tags_url"=>"https://api.github.com/repos/rafaeldbernardes/octo-events/git/tags{/sha}", "git_refs_url"=>"https://api.github.com/repos/rafaeldbernardes/octo-events/git/refs{/sha}", "trees_url"=>"https://api.github.com/repos/rafaeldbernardes/octo-events/git/trees{/sha}", "statuses_url"=>"https://api.github.com/repos/rafaeldbernardes/octo-events/statuses/{sha}", "languages_url"=>"https://api.github.com/repos/rafaeldbernardes/octo-events/languages", "stargazers_url"=>"https://api.github.com/repos/rafaeldbernardes/octo-events/stargazers", "contributors_url"=>"https://api.github.com/repos/rafaeldbernardes/octo-events/contributors", "subscribers_url"=>"https://api.github.com/repos/rafaeldbernardes/octo-events/subscribers", "subscription_url"=>"https://api.github.com/repos/rafaeldbernardes/octo-events/subscription", "commits_url"=>"https://api.github.com/repos/rafaeldbernardes/octo-events/commits{/sha}", "git_commits_url"=>"https://api.github.com/repos/rafaeldbernardes/octo-events/git/commits{/sha}", "comments_url"=>"https://api.github.com/repos/rafaeldbernardes/octo-events/comments{/number}", "issue_comment_url"=>"https://api.github.com/repos/rafaeldbernardes/octo-events/issues/comments{/number}", "contents_url"=>"https://api.github.com/repos/rafaeldbernardes/octo-events/contents/{+path}", "compare_url"=>"https://api.github.com/repos/rafaeldbernardes/octo-events/compare/{base}...{head}", "merges_url"=>"https://api.github.com/repos/rafaeldbernardes/octo-events/merges", "archive_url"=>"https://api.github.com/repos/rafaeldbernardes/octo-events/{archive_format}{/ref}", "downloads_url"=>"https://api.github.com/repos/rafaeldbernardes/octo-events/downloads", "issues_url"=>"https://api.github.com/repos/rafaeldbernardes/octo-events/issues{/number}", "pulls_url"=>"https://api.github.com/repos/rafaeldbernardes/octo-events/pulls{/number}", "milestones_url"=>"https://api.github.com/repos/rafaeldbernardes/octo-events/milestones{/number}", "notifications_url"=>"https://api.github.com/repos/rafaeldbernardes/octo-events/notifications{?since,all,participating}", "labels_url"=>"https://api.github.com/repos/rafaeldbernardes/octo-events/labels{/name}", "releases_url"=>"https://api.github.com/repos/rafaeldbernardes/octo-events/releases{/id}", "deployments_url"=>"https://api.github.com/repos/rafaeldbernardes/octo-events/deployments", "created_at"=>"2018-05-23T16:31:32Z", "updated_at"=>"2018-05-23T16:32:10Z", "pushed_at"=>"2018-05-23T16:32:09Z", "git_url"=>"git://github.com/rafaeldbernardes/octo-events.git", "ssh_url"=>"git@github.com:rafaeldbernardes/octo-events.git", "clone_url"=>"https://github.com/rafaeldbernardes/octo-events.git", "svn_url"=>"https://github.com/rafaeldbernardes/octo-events", "homepage"=>nil, "size"=>0, "stargazers_count"=>0, "watchers_count"=>0, "language"=>"Ruby", "has_issues"=>true, "has_projects"=>true, "has_downloads"=>true, "has_wiki"=>true, "has_pages"=>false, "forks_count"=>0, "mirror_url"=>nil, "archived"=>false, "open_issues_count"=>0, "license"=>nil, "forks"=>0, "open_issues"=>0, "watchers"=>0, "default_branch"=>"master"}, "sender"=>{"login"=>"rafaeldbernardes", "id"=>6866119, "avatar_url"=>"https://avatars1.githubusercontent.com/u/6866119?v=4", "gravatar_id"=>"", "url"=>"https://api.github.com/users/rafaeldbernardes", "html_url"=>"https://github.com/rafaeldbernardes", "followers_url"=>"https://api.github.com/users/rafaeldbernardes/followers", "following_url"=>"https://api.github.com/users/rafaeldbernardes/following{/other_user}", "gists_url"=>"https://api.github.com/users/rafaeldbernardes/gists{/gist_id}", "starred_url"=>"https://api.github.com/users/rafaeldbernardes/starred{/owner}{/repo}", "subscriptions_url"=>"https://api.github.com/users/rafaeldbernardes/subscriptions", "organizations_url"=>"https://api.github.com/users/rafaeldbernardes/orgs", "repos_url"=>"https://api.github.com/users/rafaeldbernardes/repos", "events_url"=>"https://api.github.com/users/rafaeldbernardes/events{/privacy}", "received_events_url"=>"https://api.github.com/users/rafaeldbernardes/received_events", "type"=>"User", "site_admin"=>false}, "formats"=>:json, "event"=>{}}
Unpermitted parameters: :zen, :hook_id, :hook, :repository, :sender, :formats, :event
  [1m[35m (0.3ms)[0m  [1m[35mBEGIN[0m
  [1m[35mSQL (1.0ms)[0m  [1m[32mINSERT INTO "issues" ("created_at", "updated_at") VALUES ($1, $2) RETURNING "id"[0m  [["created_at", "2018-05-23 16:42:25.723049"], ["updated_at", "2018-05-23 16:42:25.723049"]]
  [1m[35m (2.1ms)[0m  [1m[35mCOMMIT[0m
Completed 422 Unprocessable Entity in 107954ms (Views: 0.1ms | ActiveRecord: 10.3ms)


Started POST "/events" for 192.30.252.37 at 2018-05-23 13:42:53 -0300
Processing by EventsController#create as */*
  Parameters: {"zen"=>"Anything added dilutes everything else.", "hook_id"=>30583618, "hook"=>{"type"=>"Repository", "id"=>30583618, "name"=>"web", "active"=>true, "events"=>["issues", "push"], "config"=>{"content_type"=>"json", "insecure_ssl"=>"0", "url"=>"http://e6017e78.ngrok.io/events"}, "updated_at"=>"2018-05-23T16:42:53Z", "created_at"=>"2018-05-23T16:42:53Z", "url"=>"https://api.github.com/repos/rafaeldbernardes/octo-events/hooks/30583618", "test_url"=>"https://api.github.com/repos/rafaeldbernardes/octo-events/hooks/30583618/test", "ping_url"=>"https://api.github.com/repos/rafaeldbernardes/octo-events/hooks/30583618/pings", "last_response"=>{"code"=>nil, "status"=>"unused", "message"=>nil}}, "repository"=>{"id"=>134597790, "name"=>"octo-events", "full_name"=>"rafaeldbernardes/octo-events", "owner"=>{"login"=>"rafaeldbernardes", "id"=>6866119, "avatar_url"=>"https://avatars1.githubusercontent.com/u/6866119?v=4", "gravatar_id"=>"", "url"=>"https://api.github.com/users/rafaeldbernardes", "html_url"=>"https://github.com/rafaeldbernardes", "followers_url"=>"https://api.github.com/users/rafaeldbernardes/followers", "following_url"=>"https://api.github.com/users/rafaeldbernardes/following{/other_user}", "gists_url"=>"https://api.github.com/users/rafaeldbernardes/gists{/gist_id}", "starred_url"=>"https://api.github.com/users/rafaeldbernardes/starred{/owner}{/repo}", "subscriptions_url"=>"https://api.github.com/users/rafaeldbernardes/subscriptions", "organizations_url"=>"https://api.github.com/users/rafaeldbernardes/orgs", "repos_url"=>"https://api.github.com/users/rafaeldbernardes/repos", "events_url"=>"https://api.github.com/users/rafaeldbernardes/events{/privacy}", "received_events_url"=>"https://api.github.com/users/rafaeldbernardes/received_events", "type"=>"User", "site_admin"=>false}, "private"=>false, "html_url"=>"https://github.com/rafaeldbernardes/octo-events", "description"=>"OCTO Events Repository", "fork"=>false, "url"=>"https://api.github.com/repos/rafaeldbernardes/octo-events", "forks_url"=>"https://api.github.com/repos/rafaeldbernardes/octo-events/forks", "keys_url"=>"https://api.github.com/repos/rafaeldbernardes/octo-events/keys{/key_id}", "collaborators_url"=>"https://api.github.com/repos/rafaeldbernardes/octo-events/collaborators{/collaborator}", "teams_url"=>"https://api.github.com/repos/rafaeldbernardes/octo-events/teams", "hooks_url"=>"https://api.github.com/repos/rafaeldbernardes/octo-events/hooks", "issue_events_url"=>"https://api.github.com/repos/rafaeldbernardes/octo-events/issues/events{/number}", "events_url"=>"https://api.github.com/repos/rafaeldbernardes/octo-events/events", "assignees_url"=>"https://api.github.com/repos/rafaeldbernardes/octo-events/assignees{/user}", "branches_url"=>"https://api.github.com/repos/rafaeldbernardes/octo-events/branches{/branch}", "tags_url"=>"https://api.github.com/repos/rafaeldbernardes/octo-events/tags", "blobs_url"=>"https://api.github.com/repos/rafaeldbernardes/octo-events/git/blobs{/sha}", "git_tags_url"=>"https://api.github.com/repos/rafaeldbernardes/octo-events/git/tags{/sha}", "git_refs_url"=>"https://api.github.com/repos/rafaeldbernardes/octo-events/git/refs{/sha}", "trees_url"=>"https://api.github.com/repos/rafaeldbernardes/octo-events/git/trees{/sha}", "statuses_url"=>"https://api.github.com/repos/rafaeldbernardes/octo-events/statuses/{sha}", "languages_url"=>"https://api.github.com/repos/rafaeldbernardes/octo-events/languages", "stargazers_url"=>"https://api.github.com/repos/rafaeldbernardes/octo-events/stargazers", "contributors_url"=>"https://api.github.com/repos/rafaeldbernardes/octo-events/contributors", "subscribers_url"=>"https://api.github.com/repos/rafaeldbernardes/octo-events/subscribers", "subscription_url"=>"https://api.github.com/repos/rafaeldbernardes/octo-events/subscription", "commits_url"=>"https://api.github.com/repos/rafaeldbernardes/octo-events/commits{/sha}", "git_commits_url"=>"https://api.github.com/repos/rafaeldbernardes/octo-events/git/commits{/sha}", "comments_url"=>"https://api.github.com/repos/rafaeldbernardes/octo-events/comments{/number}", "issue_comment_url"=>"https://api.github.com/repos/rafaeldbernardes/octo-events/issues/comments{/number}", "contents_url"=>"https://api.github.com/repos/rafaeldbernardes/octo-events/contents/{+path}", "compare_url"=>"https://api.github.com/repos/rafaeldbernardes/octo-events/compare/{base}...{head}", "merges_url"=>"https://api.github.com/repos/rafaeldbernardes/octo-events/merges", "archive_url"=>"https://api.github.com/repos/rafaeldbernardes/octo-events/{archive_format}{/ref}", "downloads_url"=>"https://api.github.com/repos/rafaeldbernardes/octo-events/downloads", "issues_url"=>"https://api.github.com/repos/rafaeldbernardes/octo-events/issues{/number}", "pulls_url"=>"https://api.github.com/repos/rafaeldbernardes/octo-events/pulls{/number}", "milestones_url"=>"https://api.github.com/repos/rafaeldbernardes/octo-events/milestones{/number}", "notifications_url"=>"https://api.github.com/repos/rafaeldbernardes/octo-events/notifications{?since,all,participating}", "labels_url"=>"https://api.github.com/repos/rafaeldbernardes/octo-events/labels{/name}", "releases_url"=>"https://api.github.com/repos/rafaeldbernardes/octo-events/releases{/id}", "deployments_url"=>"https://api.github.com/repos/rafaeldbernardes/octo-events/deployments", "created_at"=>"2018-05-23T16:31:32Z", "updated_at"=>"2018-05-23T16:32:10Z", "pushed_at"=>"2018-05-23T16:32:09Z", "git_url"=>"git://github.com/rafaeldbernardes/octo-events.git", "ssh_url"=>"git@github.com:rafaeldbernardes/octo-events.git", "clone_url"=>"https://github.com/rafaeldbernardes/octo-events.git", "svn_url"=>"https://github.com/rafaeldbernardes/octo-events", "homepage"=>nil, "size"=>0, "stargazers_count"=>0, "watchers_count"=>0, "language"=>"Ruby", "has_issues"=>true, "has_projects"=>true, "has_downloads"=>true, "has_wiki"=>true, "has_pages"=>false, "forks_count"=>0, "mirror_url"=>nil, "archived"=>false, "open_issues_count"=>0, "license"=>nil, "forks"=>0, "open_issues"=>0, "watchers"=>0, "default_branch"=>"master"}, "sender"=>{"login"=>"rafaeldbernardes", "id"=>6866119, "avatar_url"=>"https://avatars1.githubusercontent.com/u/6866119?v=4", "gravatar_id"=>"", "url"=>"https://api.github.com/users/rafaeldbernardes", "html_url"=>"https://github.com/rafaeldbernardes", "followers_url"=>"https://api.github.com/users/rafaeldbernardes/followers", "following_url"=>"https://api.github.com/users/rafaeldbernardes/following{/other_user}", "gists_url"=>"https://api.github.com/users/rafaeldbernardes/gists{/gist_id}", "starred_url"=>"https://api.github.com/users/rafaeldbernardes/starred{/owner}{/repo}", "subscriptions_url"=>"https://api.github.com/users/rafaeldbernardes/subscriptions", "organizations_url"=>"https://api.github.com/users/rafaeldbernardes/orgs", "repos_url"=>"https://api.github.com/users/rafaeldbernardes/repos", "events_url"=>"https://api.github.com/users/rafaeldbernardes/events{/privacy}", "received_events_url"=>"https://api.github.com/users/rafaeldbernardes/received_events", "type"=>"User", "site_admin"=>false}, "formats"=>:json, "event"=>{}}
Unpermitted parameters: :zen, :hook_id, :hook, :repository, :sender, :formats, :event
  [1m[35m (0.3ms)[0m  [1m[35mBEGIN[0m
  [1m[35mSQL (0.8ms)[0m  [1m[32mINSERT INTO "issues" ("id", "created_at", "updated_at") VALUES ($1, $2, $3) RETURNING "id"[0m  [["id", 1], ["created_at", "2018-05-23 16:43:05.081897"], ["updated_at", "2018-05-23 16:43:05.081897"]]
  [1m[35m (0.3ms)[0m  [1m[31mROLLBACK[0m
Completed 500 Internal Server Error in 11589ms (ActiveRecord: 1.4ms)


  
ActiveRecord::RecordNotUnique (PG::UniqueViolation: ERROR:  duplicate key value violates unique constraint "issues_pkey"
DETAIL:  Key (id)=(1) already exists.
: INSERT INTO "issues" ("id", "created_at", "updated_at") VALUES ($1, $2, $3) RETURNING "id"):
  
app/services/event_service.rb:11:in `create'
app/controllers/events_controller.rb:11:in `create'
Started POST "/events" for 192.30.252.35 at 2018-05-23 13:44:55 -0300
Processing by EventsController#create as */*
  Parameters: {"zen"=>"Anything added dilutes everything else.", "hook_id"=>30583618, "hook"=>{"type"=>"Repository", "id"=>30583618, "name"=>"web", "active"=>true, "events"=>["issues", "push"], "config"=>{"content_type"=>"json", "insecure_ssl"=>"0", "url"=>"http://e6017e78.ngrok.io/events"}, "updated_at"=>"2018-05-23T16:42:53Z", "created_at"=>"2018-05-23T16:42:53Z", "url"=>"https://api.github.com/repos/rafaeldbernardes/octo-events/hooks/30583618", "test_url"=>"https://api.github.com/repos/rafaeldbernardes/octo-events/hooks/30583618/test", "ping_url"=>"https://api.github.com/repos/rafaeldbernardes/octo-events/hooks/30583618/pings", "last_response"=>{"code"=>nil, "status"=>"unused", "message"=>nil}}, "repository"=>{"id"=>134597790, "name"=>"octo-events", "full_name"=>"rafaeldbernardes/octo-events", "owner"=>{"login"=>"rafaeldbernardes", "id"=>6866119, "avatar_url"=>"https://avatars1.githubusercontent.com/u/6866119?v=4", "gravatar_id"=>"", "url"=>"https://api.github.com/users/rafaeldbernardes", "html_url"=>"https://github.com/rafaeldbernardes", "followers_url"=>"https://api.github.com/users/rafaeldbernardes/followers", "following_url"=>"https://api.github.com/users/rafaeldbernardes/following{/other_user}", "gists_url"=>"https://api.github.com/users/rafaeldbernardes/gists{/gist_id}", "starred_url"=>"https://api.github.com/users/rafaeldbernardes/starred{/owner}{/repo}", "subscriptions_url"=>"https://api.github.com/users/rafaeldbernardes/subscriptions", "organizations_url"=>"https://api.github.com/users/rafaeldbernardes/orgs", "repos_url"=>"https://api.github.com/users/rafaeldbernardes/repos", "events_url"=>"https://api.github.com/users/rafaeldbernardes/events{/privacy}", "received_events_url"=>"https://api.github.com/users/rafaeldbernardes/received_events", "type"=>"User", "site_admin"=>false}, "private"=>false, "html_url"=>"https://github.com/rafaeldbernardes/octo-events", "description"=>"OCTO Events Repository", "fork"=>false, "url"=>"https://api.github.com/repos/rafaeldbernardes/octo-events", "forks_url"=>"https://api.github.com/repos/rafaeldbernardes/octo-events/forks", "keys_url"=>"https://api.github.com/repos/rafaeldbernardes/octo-events/keys{/key_id}", "collaborators_url"=>"https://api.github.com/repos/rafaeldbernardes/octo-events/collaborators{/collaborator}", "teams_url"=>"https://api.github.com/repos/rafaeldbernardes/octo-events/teams", "hooks_url"=>"https://api.github.com/repos/rafaeldbernardes/octo-events/hooks", "issue_events_url"=>"https://api.github.com/repos/rafaeldbernardes/octo-events/issues/events{/number}", "events_url"=>"https://api.github.com/repos/rafaeldbernardes/octo-events/events", "assignees_url"=>"https://api.github.com/repos/rafaeldbernardes/octo-events/assignees{/user}", "branches_url"=>"https://api.github.com/repos/rafaeldbernardes/octo-events/branches{/branch}", "tags_url"=>"https://api.github.com/repos/rafaeldbernardes/octo-events/tags", "blobs_url"=>"https://api.github.com/repos/rafaeldbernardes/octo-events/git/blobs{/sha}", "git_tags_url"=>"https://api.github.com/repos/rafaeldbernardes/octo-events/git/tags{/sha}", "git_refs_url"=>"https://api.github.com/repos/rafaeldbernardes/octo-events/git/refs{/sha}", "trees_url"=>"https://api.github.com/repos/rafaeldbernardes/octo-events/git/trees{/sha}", "statuses_url"=>"https://api.github.com/repos/rafaeldbernardes/octo-events/statuses/{sha}", "languages_url"=>"https://api.github.com/repos/rafaeldbernardes/octo-events/languages", "stargazers_url"=>"https://api.github.com/repos/rafaeldbernardes/octo-events/stargazers", "contributors_url"=>"https://api.github.com/repos/rafaeldbernardes/octo-events/contributors", "subscribers_url"=>"https://api.github.com/repos/rafaeldbernardes/octo-events/subscribers", "subscription_url"=>"https://api.github.com/repos/rafaeldbernardes/octo-events/subscription", "commits_url"=>"https://api.github.com/repos/rafaeldbernardes/octo-events/commits{/sha}", "git_commits_url"=>"https://api.github.com/repos/rafaeldbernardes/octo-events/git/commits{/sha}", "comments_url"=>"https://api.github.com/repos/rafaeldbernardes/octo-events/comments{/number}", "issue_comment_url"=>"https://api.github.com/repos/rafaeldbernardes/octo-events/issues/comments{/number}", "contents_url"=>"https://api.github.com/repos/rafaeldbernardes/octo-events/contents/{+path}", "compare_url"=>"https://api.github.com/repos/rafaeldbernardes/octo-events/compare/{base}...{head}", "merges_url"=>"https://api.github.com/repos/rafaeldbernardes/octo-events/merges", "archive_url"=>"https://api.github.com/repos/rafaeldbernardes/octo-events/{archive_format}{/ref}", "downloads_url"=>"https://api.github.com/repos/rafaeldbernardes/octo-events/downloads", "issues_url"=>"https://api.github.com/repos/rafaeldbernardes/octo-events/issues{/number}", "pulls_url"=>"https://api.github.com/repos/rafaeldbernardes/octo-events/pulls{/number}", "milestones_url"=>"https://api.github.com/repos/rafaeldbernardes/octo-events/milestones{/number}", "notifications_url"=>"https://api.github.com/repos/rafaeldbernardes/octo-events/notifications{?since,all,participating}", "labels_url"=>"https://api.github.com/repos/rafaeldbernardes/octo-events/labels{/name}", "releases_url"=>"https://api.github.com/repos/rafaeldbernardes/octo-events/releases{/id}", "deployments_url"=>"https://api.github.com/repos/rafaeldbernardes/octo-events/deployments", "created_at"=>"2018-05-23T16:31:32Z", "updated_at"=>"2018-05-23T16:32:10Z", "pushed_at"=>"2018-05-23T16:32:09Z", "git_url"=>"git://github.com/rafaeldbernardes/octo-events.git", "ssh_url"=>"git@github.com:rafaeldbernardes/octo-events.git", "clone_url"=>"https://github.com/rafaeldbernardes/octo-events.git", "svn_url"=>"https://github.com/rafaeldbernardes/octo-events", "homepage"=>nil, "size"=>0, "stargazers_count"=>0, "watchers_count"=>0, "language"=>"Ruby", "has_issues"=>true, "has_projects"=>true, "has_downloads"=>true, "has_wiki"=>true, "has_pages"=>false, "forks_count"=>0, "mirror_url"=>nil, "archived"=>false, "open_issues_count"=>0, "license"=>nil, "forks"=>0, "open_issues"=>0, "watchers"=>0, "default_branch"=>"master"}, "sender"=>{"login"=>"rafaeldbernardes", "id"=>6866119, "avatar_url"=>"https://avatars1.githubusercontent.com/u/6866119?v=4", "gravatar_id"=>"", "url"=>"https://api.github.com/users/rafaeldbernardes", "html_url"=>"https://github.com/rafaeldbernardes", "followers_url"=>"https://api.github.com/users/rafaeldbernardes/followers", "following_url"=>"https://api.github.com/users/rafaeldbernardes/following{/other_user}", "gists_url"=>"https://api.github.com/users/rafaeldbernardes/gists{/gist_id}", "starred_url"=>"https://api.github.com/users/rafaeldbernardes/starred{/owner}{/repo}", "subscriptions_url"=>"https://api.github.com/users/rafaeldbernardes/subscriptions", "organizations_url"=>"https://api.github.com/users/rafaeldbernardes/orgs", "repos_url"=>"https://api.github.com/users/rafaeldbernardes/repos", "events_url"=>"https://api.github.com/users/rafaeldbernardes/events{/privacy}", "received_events_url"=>"https://api.github.com/users/rafaeldbernardes/received_events", "type"=>"User", "site_admin"=>false}, "formats"=>:json, "event"=>{}}
Unpermitted parameters: :zen, :hook_id, :hook, :repository, :sender, :formats, :event
  [1m[36mIssue Load (0.9ms)[0m  [1m[34mSELECT  "issues".* FROM "issues" WHERE "issues"."id" = $1 LIMIT $2[0m  [["id", 1], ["LIMIT", 1]]
  [1m[36mCACHE Issue Load (0.0ms)[0m  [1m[34mSELECT  "issues".* FROM "issues" WHERE "issues"."id" = $1 LIMIT $2[0m  [["id", 1], ["LIMIT", 1]]
  [1m[35m (0.3ms)[0m  [1m[35mBEGIN[0m
  [1m[35mSQL (1.3ms)[0m  [1m[32mINSERT INTO "events" ("action", "issue_id", "created_at", "updated_at") VALUES ($1, $2, $3, $4) RETURNING "id"[0m  [["action", "create"], ["issue_id", 1], ["created_at", "2018-05-23 16:44:59.421663"], ["updated_at", "2018-05-23 16:44:59.421663"]]
  [1m[35m (2.2ms)[0m  [1m[35mCOMMIT[0m
  [1m[36mEvent Load (0.8ms)[0m  [1m[34mSELECT  "events".* FROM "events" WHERE "events"."id" = $1 LIMIT $2[0m  [["id", 1], ["LIMIT", 1]]
Completed 201 Created in 3683ms (Views: 0.4ms | ActiveRecord: 6.0ms)


Started POST "/events" for 192.30.252.36 at 2018-05-23 13:45:55 -0300
Processing by EventsController#create as */*
  Parameters: {"issue"=>{"url"=>"https://api.github.com/repos/rafaeldbernardes/octo-events/issues/1", "repository_url"=>"https://api.github.com/repos/rafaeldbernardes/octo-events", "labels_url"=>"https://api.github.com/repos/rafaeldbernardes/octo-events/issues/1/labels{/name}", "comments_url"=>"https://api.github.com/repos/rafaeldbernardes/octo-events/issues/1/comments", "events_url"=>"https://api.github.com/repos/rafaeldbernardes/octo-events/issues/1/events", "html_url"=>"https://github.com/rafaeldbernardes/octo-events/issues/1", "id"=>325789261, "number"=>1, "title"=>"Teste 22", "user"=>{"login"=>"rafaeldbernardes", "id"=>6866119, "avatar_url"=>"https://avatars1.githubusercontent.com/u/6866119?v=4", "gravatar_id"=>"", "url"=>"https://api.github.com/users/rafaeldbernardes", "html_url"=>"https://github.com/rafaeldbernardes", "followers_url"=>"https://api.github.com/users/rafaeldbernardes/followers", "following_url"=>"https://api.github.com/users/rafaeldbernardes/following{/other_user}", "gists_url"=>"https://api.github.com/users/rafaeldbernardes/gists{/gist_id}", "starred_url"=>"https://api.github.com/users/rafaeldbernardes/starred{/owner}{/repo}", "subscriptions_url"=>"https://api.github.com/users/rafaeldbernardes/subscriptions", "organizations_url"=>"https://api.github.com/users/rafaeldbernardes/orgs", "repos_url"=>"https://api.github.com/users/rafaeldbernardes/repos", "events_url"=>"https://api.github.com/users/rafaeldbernardes/events{/privacy}", "received_events_url"=>"https://api.github.com/users/rafaeldbernardes/received_events", "type"=>"User", "site_admin"=>false}, "labels"=>[], "state"=>"open", "locked"=>false, "assignee"=>nil, "assignees"=>[], "milestone"=>nil, "comments"=>0, "created_at"=>"2018-05-23T16:45:54Z", "updated_at"=>"2018-05-23T16:45:54Z", "closed_at"=>nil, "author_association"=>"OWNER", "body"=>"Teste 22"}, "repository"=>{"id"=>134597790, "name"=>"octo-events", "full_name"=>"rafaeldbernardes/octo-events", "owner"=>{"login"=>"rafaeldbernardes", "id"=>6866119, "avatar_url"=>"https://avatars1.githubusercontent.com/u/6866119?v=4", "gravatar_id"=>"", "url"=>"https://api.github.com/users/rafaeldbernardes", "html_url"=>"https://github.com/rafaeldbernardes", "followers_url"=>"https://api.github.com/users/rafaeldbernardes/followers", "following_url"=>"https://api.github.com/users/rafaeldbernardes/following{/other_user}", "gists_url"=>"https://api.github.com/users/rafaeldbernardes/gists{/gist_id}", "starred_url"=>"https://api.github.com/users/rafaeldbernardes/starred{/owner}{/repo}", "subscriptions_url"=>"https://api.github.com/users/rafaeldbernardes/subscriptions", "organizations_url"=>"https://api.github.com/users/rafaeldbernardes/orgs", "repos_url"=>"https://api.github.com/users/rafaeldbernardes/repos", "events_url"=>"https://api.github.com/users/rafaeldbernardes/events{/privacy}", "received_events_url"=>"https://api.github.com/users/rafaeldbernardes/received_events", "type"=>"User", "site_admin"=>false}, "private"=>false, "html_url"=>"https://github.com/rafaeldbernardes/octo-events", "description"=>"OCTO Events Repository", "fork"=>false, "url"=>"https://api.github.com/repos/rafaeldbernardes/octo-events", "forks_url"=>"https://api.github.com/repos/rafaeldbernardes/octo-events/forks", "keys_url"=>"https://api.github.com/repos/rafaeldbernardes/octo-events/keys{/key_id}", "collaborators_url"=>"https://api.github.com/repos/rafaeldbernardes/octo-events/collaborators{/collaborator}", "teams_url"=>"https://api.github.com/repos/rafaeldbernardes/octo-events/teams", "hooks_url"=>"https://api.github.com/repos/rafaeldbernardes/octo-events/hooks", "issue_events_url"=>"https://api.github.com/repos/rafaeldbernardes/octo-events/issues/events{/number}", "events_url"=>"https://api.github.com/repos/rafaeldbernardes/octo-events/events", "assignees_url"=>"https://api.github.com/repos/rafaeldbernardes/octo-events/assignees{/user}", "branches_url"=>"https://api.github.com/repos/rafaeldbernardes/octo-events/branches{/branch}", "tags_url"=>"https://api.github.com/repos/rafaeldbernardes/octo-events/tags", "blobs_url"=>"https://api.github.com/repos/rafaeldbernardes/octo-events/git/blobs{/sha}", "git_tags_url"=>"https://api.github.com/repos/rafaeldbernardes/octo-events/git/tags{/sha}", "git_refs_url"=>"https://api.github.com/repos/rafaeldbernardes/octo-events/git/refs{/sha}", "trees_url"=>"https://api.github.com/repos/rafaeldbernardes/octo-events/git/trees{/sha}", "statuses_url"=>"https://api.github.com/repos/rafaeldbernardes/octo-events/statuses/{sha}", "languages_url"=>"https://api.github.com/repos/rafaeldbernardes/octo-events/languages", "stargazers_url"=>"https://api.github.com/repos/rafaeldbernardes/octo-events/stargazers", "contributors_url"=>"https://api.github.com/repos/rafaeldbernardes/octo-events/contributors", "subscribers_url"=>"https://api.github.com/repos/rafaeldbernardes/octo-events/subscribers", "subscription_url"=>"https://api.github.com/repos/rafaeldbernardes/octo-events/subscription", "commits_url"=>"https://api.github.com/repos/rafaeldbernardes/octo-events/commits{/sha}", "git_commits_url"=>"https://api.github.com/repos/rafaeldbernardes/octo-events/git/commits{/sha}", "comments_url"=>"https://api.github.com/repos/rafaeldbernardes/octo-events/comments{/number}", "issue_comment_url"=>"https://api.github.com/repos/rafaeldbernardes/octo-events/issues/comments{/number}", "contents_url"=>"https://api.github.com/repos/rafaeldbernardes/octo-events/contents/{+path}", "compare_url"=>"https://api.github.com/repos/rafaeldbernardes/octo-events/compare/{base}...{head}", "merges_url"=>"https://api.github.com/repos/rafaeldbernardes/octo-events/merges", "archive_url"=>"https://api.github.com/repos/rafaeldbernardes/octo-events/{archive_format}{/ref}", "downloads_url"=>"https://api.github.com/repos/rafaeldbernardes/octo-events/downloads", "issues_url"=>"https://api.github.com/repos/rafaeldbernardes/octo-events/issues{/number}", "pulls_url"=>"https://api.github.com/repos/rafaeldbernardes/octo-events/pulls{/number}", "milestones_url"=>"https://api.github.com/repos/rafaeldbernardes/octo-events/milestones{/number}", "notifications_url"=>"https://api.github.com/repos/rafaeldbernardes/octo-events/notifications{?since,all,participating}", "labels_url"=>"https://api.github.com/repos/rafaeldbernardes/octo-events/labels{/name}", "releases_url"=>"https://api.github.com/repos/rafaeldbernardes/octo-events/releases{/id}", "deployments_url"=>"https://api.github.com/repos/rafaeldbernardes/octo-events/deployments", "created_at"=>"2018-05-23T16:31:32Z", "updated_at"=>"2018-05-23T16:32:10Z", "pushed_at"=>"2018-05-23T16:32:09Z", "git_url"=>"git://github.com/rafaeldbernardes/octo-events.git", "ssh_url"=>"git@github.com:rafaeldbernardes/octo-events.git", "clone_url"=>"https://github.com/rafaeldbernardes/octo-events.git", "svn_url"=>"https://github.com/rafaeldbernardes/octo-events", "homepage"=>nil, "size"=>0, "stargazers_count"=>0, "watchers_count"=>0, "language"=>"Ruby", "has_issues"=>true, "has_projects"=>true, "has_downloads"=>true, "has_wiki"=>true, "has_pages"=>false, "forks_count"=>0, "mirror_url"=>nil, "archived"=>false, "open_issues_count"=>1, "license"=>nil, "forks"=>0, "open_issues"=>1, "watchers"=>0, "default_branch"=>"master"}, "sender"=>{"login"=>"rafaeldbernardes", "id"=>6866119, "avatar_url"=>"https://avatars1.githubusercontent.com/u/6866119?v=4", "gravatar_id"=>"", "url"=>"https://api.github.com/users/rafaeldbernardes", "html_url"=>"https://github.com/rafaeldbernardes", "followers_url"=>"https://api.github.com/users/rafaeldbernardes/followers", "following_url"=>"https://api.github.com/users/rafaeldbernardes/following{/other_user}", "gists_url"=>"https://api.github.com/users/rafaeldbernardes/gists{/gist_id}", "starred_url"=>"https://api.github.com/users/rafaeldbernardes/starred{/owner}{/repo}", "subscriptions_url"=>"https://api.github.com/users/rafaeldbernardes/subscriptions", "organizations_url"=>"https://api.github.com/users/rafaeldbernardes/orgs", "repos_url"=>"https://api.github.com/users/rafaeldbernardes/repos", "events_url"=>"https://api.github.com/users/rafaeldbernardes/events{/privacy}", "received_events_url"=>"https://api.github.com/users/rafaeldbernardes/received_events", "type"=>"User", "site_admin"=>false}, "formats"=>:json, "event"=>{"action"=>"create"}}
Unpermitted parameters: :issue, :repository, :sender, :formats, :event
  [1m[36mIssue Load (0.7ms)[0m  [1m[34mSELECT  "issues".* FROM "issues" WHERE "issues"."id" = $1 LIMIT $2[0m  [["id", 1], ["LIMIT", 1]]
  [1m[36mCACHE Issue Load (0.0ms)[0m  [1m[34mSELECT  "issues".* FROM "issues" WHERE "issues"."id" = $1 LIMIT $2[0m  [["id", 1], ["LIMIT", 1]]
  [1m[35m (0.2ms)[0m  [1m[35mBEGIN[0m
  [1m[35mSQL (1.0ms)[0m  [1m[32mINSERT INTO "events" ("action", "issue_id", "created_at", "updated_at") VALUES ($1, $2, $3, $4) RETURNING "id"[0m  [["action", "create"], ["issue_id", 1], ["created_at", "2018-05-23 16:48:55.100401"], ["updated_at", "2018-05-23 16:48:55.100401"]]
  [1m[35m (1.1ms)[0m  [1m[35mCOMMIT[0m
  [1m[36mEvent Load (0.4ms)[0m  [1m[34mSELECT  "events".* FROM "events" WHERE "events"."id" = $1 LIMIT $2[0m  [["id", 2], ["LIMIT", 1]]
Completed 201 Created in 179692ms (Views: 0.1ms | ActiveRecord: 4.4ms)


Started POST "/events" for 192.30.252.39 at 2018-05-23 13:49:38 -0300
  [1m[35m (0.6ms)[0m  [1m[34mSELECT "schema_migrations"."version" FROM "schema_migrations" ORDER BY "schema_migrations"."version" ASC[0m
Processing by EventsController#create as */*
  Parameters: {"issue"=>{"url"=>"https://api.github.com/repos/rafaeldbernardes/octo-events/issues/1", "repository_url"=>"https://api.github.com/repos/rafaeldbernardes/octo-events", "labels_url"=>"https://api.github.com/repos/rafaeldbernardes/octo-events/issues/1/labels{/name}", "comments_url"=>"https://api.github.com/repos/rafaeldbernardes/octo-events/issues/1/comments", "events_url"=>"https://api.github.com/repos/rafaeldbernardes/octo-events/issues/1/events", "html_url"=>"https://github.com/rafaeldbernardes/octo-events/issues/1", "id"=>325789261, "number"=>1, "title"=>"Teste 22", "user"=>{"login"=>"rafaeldbernardes", "id"=>6866119, "avatar_url"=>"https://avatars1.githubusercontent.com/u/6866119?v=4", "gravatar_id"=>"", "url"=>"https://api.github.com/users/rafaeldbernardes", "html_url"=>"https://github.com/rafaeldbernardes", "followers_url"=>"https://api.github.com/users/rafaeldbernardes/followers", "following_url"=>"https://api.github.com/users/rafaeldbernardes/following{/other_user}", "gists_url"=>"https://api.github.com/users/rafaeldbernardes/gists{/gist_id}", "starred_url"=>"https://api.github.com/users/rafaeldbernardes/starred{/owner}{/repo}", "subscriptions_url"=>"https://api.github.com/users/rafaeldbernardes/subscriptions", "organizations_url"=>"https://api.github.com/users/rafaeldbernardes/orgs", "repos_url"=>"https://api.github.com/users/rafaeldbernardes/repos", "events_url"=>"https://api.github.com/users/rafaeldbernardes/events{/privacy}", "received_events_url"=>"https://api.github.com/users/rafaeldbernardes/received_events", "type"=>"User", "site_admin"=>false}, "labels"=>[], "state"=>"open", "locked"=>false, "assignee"=>nil, "assignees"=>[], "milestone"=>nil, "comments"=>1, "created_at"=>"2018-05-23T16:45:54Z", "updated_at"=>"2018-05-23T16:49:37Z", "closed_at"=>nil, "author_association"=>"OWNER", "body"=>"Teste 22\r\ndDAds"}, "changes"=>{"body"=>{"from"=>"Teste 22"}}, "repository"=>{"id"=>134597790, "name"=>"octo-events", "full_name"=>"rafaeldbernardes/octo-events", "owner"=>{"login"=>"rafaeldbernardes", "id"=>6866119, "avatar_url"=>"https://avatars1.githubusercontent.com/u/6866119?v=4", "gravatar_id"=>"", "url"=>"https://api.github.com/users/rafaeldbernardes", "html_url"=>"https://github.com/rafaeldbernardes", "followers_url"=>"https://api.github.com/users/rafaeldbernardes/followers", "following_url"=>"https://api.github.com/users/rafaeldbernardes/following{/other_user}", "gists_url"=>"https://api.github.com/users/rafaeldbernardes/gists{/gist_id}", "starred_url"=>"https://api.github.com/users/rafaeldbernardes/starred{/owner}{/repo}", "subscriptions_url"=>"https://api.github.com/users/rafaeldbernardes/subscriptions", "organizations_url"=>"https://api.github.com/users/rafaeldbernardes/orgs", "repos_url"=>"https://api.github.com/users/rafaeldbernardes/repos", "events_url"=>"https://api.github.com/users/rafaeldbernardes/events{/privacy}", "received_events_url"=>"https://api.github.com/users/rafaeldbernardes/received_events", "type"=>"User", "site_admin"=>false}, "private"=>false, "html_url"=>"https://github.com/rafaeldbernardes/octo-events", "description"=>"OCTO Events Repository", "fork"=>false, "url"=>"https://api.github.com/repos/rafaeldbernardes/octo-events", "forks_url"=>"https://api.github.com/repos/rafaeldbernardes/octo-events/forks", "keys_url"=>"https://api.github.com/repos/rafaeldbernardes/octo-events/keys{/key_id}", "collaborators_url"=>"https://api.github.com/repos/rafaeldbernardes/octo-events/collaborators{/collaborator}", "teams_url"=>"https://api.github.com/repos/rafaeldbernardes/octo-events/teams", "hooks_url"=>"https://api.github.com/repos/rafaeldbernardes/octo-events/hooks", "issue_events_url"=>"https://api.github.com/repos/rafaeldbernardes/octo-events/issues/events{/number}", "events_url"=>"https://api.github.com/repos/rafaeldbernardes/octo-events/events", "assignees_url"=>"https://api.github.com/repos/rafaeldbernardes/octo-events/assignees{/user}", "branches_url"=>"https://api.github.com/repos/rafaeldbernardes/octo-events/branches{/branch}", "tags_url"=>"https://api.github.com/repos/rafaeldbernardes/octo-events/tags", "blobs_url"=>"https://api.github.com/repos/rafaeldbernardes/octo-events/git/blobs{/sha}", "git_tags_url"=>"https://api.github.com/repos/rafaeldbernardes/octo-events/git/tags{/sha}", "git_refs_url"=>"https://api.github.com/repos/rafaeldbernardes/octo-events/git/refs{/sha}", "trees_url"=>"https://api.github.com/repos/rafaeldbernardes/octo-events/git/trees{/sha}", "statuses_url"=>"https://api.github.com/repos/rafaeldbernardes/octo-events/statuses/{sha}", "languages_url"=>"https://api.github.com/repos/rafaeldbernardes/octo-events/languages", "stargazers_url"=>"https://api.github.com/repos/rafaeldbernardes/octo-events/stargazers", "contributors_url"=>"https://api.github.com/repos/rafaeldbernardes/octo-events/contributors", "subscribers_url"=>"https://api.github.com/repos/rafaeldbernardes/octo-events/subscribers", "subscription_url"=>"https://api.github.com/repos/rafaeldbernardes/octo-events/subscription", "commits_url"=>"https://api.github.com/repos/rafaeldbernardes/octo-events/commits{/sha}", "git_commits_url"=>"https://api.github.com/repos/rafaeldbernardes/octo-events/git/commits{/sha}", "comments_url"=>"https://api.github.com/repos/rafaeldbernardes/octo-events/comments{/number}", "issue_comment_url"=>"https://api.github.com/repos/rafaeldbernardes/octo-events/issues/comments{/number}", "contents_url"=>"https://api.github.com/repos/rafaeldbernardes/octo-events/contents/{+path}", "compare_url"=>"https://api.github.com/repos/rafaeldbernardes/octo-events/compare/{base}...{head}", "merges_url"=>"https://api.github.com/repos/rafaeldbernardes/octo-events/merges", "archive_url"=>"https://api.github.com/repos/rafaeldbernardes/octo-events/{archive_format}{/ref}", "downloads_url"=>"https://api.github.com/repos/rafaeldbernardes/octo-events/downloads", "issues_url"=>"https://api.github.com/repos/rafaeldbernardes/octo-events/issues{/number}", "pulls_url"=>"https://api.github.com/repos/rafaeldbernardes/octo-events/pulls{/number}", "milestones_url"=>"https://api.github.com/repos/rafaeldbernardes/octo-events/milestones{/number}", "notifications_url"=>"https://api.github.com/repos/rafaeldbernardes/octo-events/notifications{?since,all,participating}", "labels_url"=>"https://api.github.com/repos/rafaeldbernardes/octo-events/labels{/name}", "releases_url"=>"https://api.github.com/repos/rafaeldbernardes/octo-events/releases{/id}", "deployments_url"=>"https://api.github.com/repos/rafaeldbernardes/octo-events/deployments", "created_at"=>"2018-05-23T16:31:32Z", "updated_at"=>"2018-05-23T16:32:10Z", "pushed_at"=>"2018-05-23T16:32:09Z", "git_url"=>"git://github.com/rafaeldbernardes/octo-events.git", "ssh_url"=>"git@github.com:rafaeldbernardes/octo-events.git", "clone_url"=>"https://github.com/rafaeldbernardes/octo-events.git", "svn_url"=>"https://github.com/rafaeldbernardes/octo-events", "homepage"=>nil, "size"=>0, "stargazers_count"=>0, "watchers_count"=>0, "language"=>"Ruby", "has_issues"=>true, "has_projects"=>true, "has_downloads"=>true, "has_wiki"=>true, "has_pages"=>false, "forks_count"=>0, "mirror_url"=>nil, "archived"=>false, "open_issues_count"=>1, "license"=>nil, "forks"=>0, "open_issues"=>1, "watchers"=>0, "default_branch"=>"master"}, "sender"=>{"login"=>"rafaeldbernardes", "id"=>6866119, "avatar_url"=>"https://avatars1.githubusercontent.com/u/6866119?v=4", "gravatar_id"=>"", "url"=>"https://api.github.com/users/rafaeldbernardes", "html_url"=>"https://github.com/rafaeldbernardes", "followers_url"=>"https://api.github.com/users/rafaeldbernardes/followers", "following_url"=>"https://api.github.com/users/rafaeldbernardes/following{/other_user}", "gists_url"=>"https://api.github.com/users/rafaeldbernardes/gists{/gist_id}", "starred_url"=>"https://api.github.com/users/rafaeldbernardes/starred{/owner}{/repo}", "subscriptions_url"=>"https://api.github.com/users/rafaeldbernardes/subscriptions", "organizations_url"=>"https://api.github.com/users/rafaeldbernardes/orgs", "repos_url"=>"https://api.github.com/users/rafaeldbernardes/repos", "events_url"=>"https://api.github.com/users/rafaeldbernardes/events{/privacy}", "received_events_url"=>"https://api.github.com/users/rafaeldbernardes/received_events", "type"=>"User", "site_admin"=>false}, "formats"=>:json, "event"=>{"action"=>"create"}}
  [1m[36mIssue Load (0.4ms)[0m  [1m[34mSELECT  "issues".* FROM "issues" WHERE "issues"."id" = $1 LIMIT $2[0m  [["id", 1], ["LIMIT", 1]]
  [1m[36mIssue Load (0.4ms)[0m  [1m[34mSELECT  "issues".* FROM "issues" WHERE "issues"."id" = $1 LIMIT $2[0m  [["id", 1], ["LIMIT", 1]]
  [1m[35m (0.2ms)[0m  [1m[35mBEGIN[0m
  [1m[35mSQL (0.7ms)[0m  [1m[32mINSERT INTO "events" ("action", "issue_id", "created_at", "updated_at") VALUES ($1, $2, $3, $4) RETURNING "id"[0m  [["action", "create"], ["issue_id", 1], ["created_at", "2018-05-23 16:50:11.113018"], ["updated_at", "2018-05-23 16:50:11.113018"]]
  [1m[35m (1.1ms)[0m  [1m[35mCOMMIT[0m
  [1m[36mEvent Load (0.3ms)[0m  [1m[34mSELECT  "events".* FROM "events" WHERE "events"."id" = $1 LIMIT $2[0m  [["id", 3], ["LIMIT", 1]]
Completed 201 Created in 32824ms (Views: 0.7ms | ActiveRecord: 10.4ms)


Started POST "/events" for 192.30.253.29 at 2018-05-23 13:50:25 -0300
Processing by EventsController#create as */*
  Parameters: {"issue"=>{"url"=>"https://api.github.com/repos/rafaeldbernardes/octo-events/issues/2", "repository_url"=>"https://api.github.com/repos/rafaeldbernardes/octo-events", "labels_url"=>"https://api.github.com/repos/rafaeldbernardes/octo-events/issues/2/labels{/name}", "comments_url"=>"https://api.github.com/repos/rafaeldbernardes/octo-events/issues/2/comments", "events_url"=>"https://api.github.com/repos/rafaeldbernardes/octo-events/issues/2/events", "html_url"=>"https://github.com/rafaeldbernardes/octo-events/issues/2", "id"=>325790774, "number"=>2, "title"=>"Teste 3", "user"=>{"login"=>"rafaeldbernardes", "id"=>6866119, "avatar_url"=>"https://avatars1.githubusercontent.com/u/6866119?v=4", "gravatar_id"=>"", "url"=>"https://api.github.com/users/rafaeldbernardes", "html_url"=>"https://github.com/rafaeldbernardes", "followers_url"=>"https://api.github.com/users/rafaeldbernardes/followers", "following_url"=>"https://api.github.com/users/rafaeldbernardes/following{/other_user}", "gists_url"=>"https://api.github.com/users/rafaeldbernardes/gists{/gist_id}", "starred_url"=>"https://api.github.com/users/rafaeldbernardes/starred{/owner}{/repo}", "subscriptions_url"=>"https://api.github.com/users/rafaeldbernardes/subscriptions", "organizations_url"=>"https://api.github.com/users/rafaeldbernardes/orgs", "repos_url"=>"https://api.github.com/users/rafaeldbernardes/repos", "events_url"=>"https://api.github.com/users/rafaeldbernardes/events{/privacy}", "received_events_url"=>"https://api.github.com/users/rafaeldbernardes/received_events", "type"=>"User", "site_admin"=>false}, "labels"=>[], "state"=>"open", "locked"=>false, "assignee"=>nil, "assignees"=>[], "milestone"=>nil, "comments"=>0, "created_at"=>"2018-05-23T16:50:24Z", "updated_at"=>"2018-05-23T16:50:24Z", "closed_at"=>nil, "author_association"=>"OWNER", "body"=>"Teste 3"}, "repository"=>{"id"=>134597790, "name"=>"octo-events", "full_name"=>"rafaeldbernardes/octo-events", "owner"=>{"login"=>"rafaeldbernardes", "id"=>6866119, "avatar_url"=>"https://avatars1.githubusercontent.com/u/6866119?v=4", "gravatar_id"=>"", "url"=>"https://api.github.com/users/rafaeldbernardes", "html_url"=>"https://github.com/rafaeldbernardes", "followers_url"=>"https://api.github.com/users/rafaeldbernardes/followers", "following_url"=>"https://api.github.com/users/rafaeldbernardes/following{/other_user}", "gists_url"=>"https://api.github.com/users/rafaeldbernardes/gists{/gist_id}", "starred_url"=>"https://api.github.com/users/rafaeldbernardes/starred{/owner}{/repo}", "subscriptions_url"=>"https://api.github.com/users/rafaeldbernardes/subscriptions", "organizations_url"=>"https://api.github.com/users/rafaeldbernardes/orgs", "repos_url"=>"https://api.github.com/users/rafaeldbernardes/repos", "events_url"=>"https://api.github.com/users/rafaeldbernardes/events{/privacy}", "received_events_url"=>"https://api.github.com/users/rafaeldbernardes/received_events", "type"=>"User", "site_admin"=>false}, "private"=>false, "html_url"=>"https://github.com/rafaeldbernardes/octo-events", "description"=>"OCTO Events Repository", "fork"=>false, "url"=>"https://api.github.com/repos/rafaeldbernardes/octo-events", "forks_url"=>"https://api.github.com/repos/rafaeldbernardes/octo-events/forks", "keys_url"=>"https://api.github.com/repos/rafaeldbernardes/octo-events/keys{/key_id}", "collaborators_url"=>"https://api.github.com/repos/rafaeldbernardes/octo-events/collaborators{/collaborator}", "teams_url"=>"https://api.github.com/repos/rafaeldbernardes/octo-events/teams", "hooks_url"=>"https://api.github.com/repos/rafaeldbernardes/octo-events/hooks", "issue_events_url"=>"https://api.github.com/repos/rafaeldbernardes/octo-events/issues/events{/number}", "events_url"=>"https://api.github.com/repos/rafaeldbernardes/octo-events/events", "assignees_url"=>"https://api.github.com/repos/rafaeldbernardes/octo-events/assignees{/user}", "branches_url"=>"https://api.github.com/repos/rafaeldbernardes/octo-events/branches{/branch}", "tags_url"=>"https://api.github.com/repos/rafaeldbernardes/octo-events/tags", "blobs_url"=>"https://api.github.com/repos/rafaeldbernardes/octo-events/git/blobs{/sha}", "git_tags_url"=>"https://api.github.com/repos/rafaeldbernardes/octo-events/git/tags{/sha}", "git_refs_url"=>"https://api.github.com/repos/rafaeldbernardes/octo-events/git/refs{/sha}", "trees_url"=>"https://api.github.com/repos/rafaeldbernardes/octo-events/git/trees{/sha}", "statuses_url"=>"https://api.github.com/repos/rafaeldbernardes/octo-events/statuses/{sha}", "languages_url"=>"https://api.github.com/repos/rafaeldbernardes/octo-events/languages", "stargazers_url"=>"https://api.github.com/repos/rafaeldbernardes/octo-events/stargazers", "contributors_url"=>"https://api.github.com/repos/rafaeldbernardes/octo-events/contributors", "subscribers_url"=>"https://api.github.com/repos/rafaeldbernardes/octo-events/subscribers", "subscription_url"=>"https://api.github.com/repos/rafaeldbernardes/octo-events/subscription", "commits_url"=>"https://api.github.com/repos/rafaeldbernardes/octo-events/commits{/sha}", "git_commits_url"=>"https://api.github.com/repos/rafaeldbernardes/octo-events/git/commits{/sha}", "comments_url"=>"https://api.github.com/repos/rafaeldbernardes/octo-events/comments{/number}", "issue_comment_url"=>"https://api.github.com/repos/rafaeldbernardes/octo-events/issues/comments{/number}", "contents_url"=>"https://api.github.com/repos/rafaeldbernardes/octo-events/contents/{+path}", "compare_url"=>"https://api.github.com/repos/rafaeldbernardes/octo-events/compare/{base}...{head}", "merges_url"=>"https://api.github.com/repos/rafaeldbernardes/octo-events/merges", "archive_url"=>"https://api.github.com/repos/rafaeldbernardes/octo-events/{archive_format}{/ref}", "downloads_url"=>"https://api.github.com/repos/rafaeldbernardes/octo-events/downloads", "issues_url"=>"https://api.github.com/repos/rafaeldbernardes/octo-events/issues{/number}", "pulls_url"=>"https://api.github.com/repos/rafaeldbernardes/octo-events/pulls{/number}", "milestones_url"=>"https://api.github.com/repos/rafaeldbernardes/octo-events/milestones{/number}", "notifications_url"=>"https://api.github.com/repos/rafaeldbernardes/octo-events/notifications{?since,all,participating}", "labels_url"=>"https://api.github.com/repos/rafaeldbernardes/octo-events/labels{/name}", "releases_url"=>"https://api.github.com/repos/rafaeldbernardes/octo-events/releases{/id}", "deployments_url"=>"https://api.github.com/repos/rafaeldbernardes/octo-events/deployments", "created_at"=>"2018-05-23T16:31:32Z", "updated_at"=>"2018-05-23T16:32:10Z", "pushed_at"=>"2018-05-23T16:32:09Z", "git_url"=>"git://github.com/rafaeldbernardes/octo-events.git", "ssh_url"=>"git@github.com:rafaeldbernardes/octo-events.git", "clone_url"=>"https://github.com/rafaeldbernardes/octo-events.git", "svn_url"=>"https://github.com/rafaeldbernardes/octo-events", "homepage"=>nil, "size"=>0, "stargazers_count"=>0, "watchers_count"=>0, "language"=>"Ruby", "has_issues"=>true, "has_projects"=>true, "has_downloads"=>true, "has_wiki"=>true, "has_pages"=>false, "forks_count"=>0, "mirror_url"=>nil, "archived"=>false, "open_issues_count"=>2, "license"=>nil, "forks"=>0, "open_issues"=>2, "watchers"=>0, "default_branch"=>"master"}, "sender"=>{"login"=>"rafaeldbernardes", "id"=>6866119, "avatar_url"=>"https://avatars1.githubusercontent.com/u/6866119?v=4", "gravatar_id"=>"", "url"=>"https://api.github.com/users/rafaeldbernardes", "html_url"=>"https://github.com/rafaeldbernardes", "followers_url"=>"https://api.github.com/users/rafaeldbernardes/followers", "following_url"=>"https://api.github.com/users/rafaeldbernardes/following{/other_user}", "gists_url"=>"https://api.github.com/users/rafaeldbernardes/gists{/gist_id}", "starred_url"=>"https://api.github.com/users/rafaeldbernardes/starred{/owner}{/repo}", "subscriptions_url"=>"https://api.github.com/users/rafaeldbernardes/subscriptions", "organizations_url"=>"https://api.github.com/users/rafaeldbernardes/orgs", "repos_url"=>"https://api.github.com/users/rafaeldbernardes/repos", "events_url"=>"https://api.github.com/users/rafaeldbernardes/events{/privacy}", "received_events_url"=>"https://api.github.com/users/rafaeldbernardes/received_events", "type"=>"User", "site_admin"=>false}, "formats"=>:json, "event"=>{"action"=>"create"}}
  [1m[36mIssue Load (0.7ms)[0m  [1m[34mSELECT  "issues".* FROM "issues" WHERE "issues"."id" = $1 LIMIT $2[0m  [["id", 2], ["LIMIT", 1]]
  [1m[36mCACHE Issue Load (0.0ms)[0m  [1m[34mSELECT  "issues".* FROM "issues" WHERE "issues"."id" = $1 LIMIT $2[0m  [["id", 2], ["LIMIT", 1]]
  [1m[35m (0.3ms)[0m  [1m[35mBEGIN[0m
  [1m[35mSQL (1.0ms)[0m  [1m[32mINSERT INTO "events" ("action", "issue_id", "created_at", "updated_at") VALUES ($1, $2, $3, $4) RETURNING "id"[0m  [["action", "create"], ["issue_id", 2], ["created_at", "2018-05-23 16:50:37.673448"], ["updated_at", "2018-05-23 16:50:37.673448"]]
  [1m[35m (1.1ms)[0m  [1m[35mCOMMIT[0m
  [1m[36mEvent Load (0.5ms)[0m  [1m[34mSELECT  "events".* FROM "events" WHERE "events"."id" = $1 LIMIT $2[0m  [["id", 4], ["LIMIT", 1]]
Completed 201 Created in 12199ms (Views: 0.2ms | ActiveRecord: 10.5ms)


  [1m[36mEvent Load (0.5ms)[0m  [1m[34mSELECT  "events".* FROM "events" LIMIT $1[0m  [["LIMIT", 11]]
Started GET "/issues/2/events" for 127.0.0.1 at 2018-05-23 13:51:34 -0300
Processing by EventsController#index as */*
  Parameters: {"formats"=>:json, "issue_id"=>"2"}
  [1m[36mIssue Load (0.2ms)[0m  [1m[34mSELECT  "issues".* FROM "issues" WHERE "issues"."id" = $1 LIMIT $2[0m  [["id", nil], ["LIMIT", 1]]
Completed 404 Not Found in 3ms (ActiveRecord: 0.2ms)


  
ActiveRecord::RecordNotFound (Couldn't find Issue with 'id'=):
  
app/controllers/events_controller.rb:26:in `load_issue'
Started GET "/issues/1/events" for 127.0.0.1 at 2018-05-23 13:51:47 -0300
Processing by EventsController#index as */*
  Parameters: {"formats"=>:json, "issue_id"=>"1"}
  [1m[36mIssue Load (0.3ms)[0m  [1m[34mSELECT  "issues".* FROM "issues" WHERE "issues"."id" = $1 LIMIT $2[0m  [["id", nil], ["LIMIT", 1]]
Completed 404 Not Found in 2ms (ActiveRecord: 0.3ms)


  
ActiveRecord::RecordNotFound (Couldn't find Issue with 'id'=):
  
app/controllers/events_controller.rb:26:in `load_issue'
Started GET "/issues/1/events" for 127.0.0.1 at 2018-05-23 13:52:13 -0300
Processing by EventsController#index as */*
  Parameters: {"formats"=>:json, "issue_id"=>"1"}
  [1m[36mIssue Load (0.3ms)[0m  [1m[34mSELECT  "issues".* FROM "issues" WHERE "issues"."id" = $1 LIMIT $2[0m  [["id", nil], ["LIMIT", 1]]
Completed 404 Not Found in 22952ms (ActiveRecord: 3.5ms)


  
ActiveRecord::RecordNotFound (Couldn't find Issue with 'id'=):
  
app/controllers/events_controller.rb:27:in `load_issue'
Started GET "/issues/1/events" for 127.0.0.1 at 2018-05-23 13:52:47 -0300
Processing by EventsController#index as */*
  Parameters: {"formats"=>:json, "issue_id"=>"1"}
  [1m[36mIssue Load (0.4ms)[0m  [1m[34mSELECT  "issues".* FROM "issues" WHERE "issues"."id" = $1 LIMIT $2[0m  [["id", 1], ["LIMIT", 1]]
  [1m[36mEvent Load (0.5ms)[0m  [1m[34mSELECT "events".* FROM "events" WHERE "events"."issue_id" = $1[0m  [["issue_id", 1]]
Completed 200 OK in 31ms (Views: 11.1ms | ActiveRecord: 3.7ms)


Started GET "/issues/2/events" for 127.0.0.1 at 2018-05-23 13:52:53 -0300
Processing by EventsController#index as */*
  Parameters: {"formats"=>:json, "issue_id"=>"2"}
  [1m[36mIssue Load (0.5ms)[0m  [1m[34mSELECT  "issues".* FROM "issues" WHERE "issues"."id" = $1 LIMIT $2[0m  [["id", 2], ["LIMIT", 1]]
  [1m[36mEvent Load (0.3ms)[0m  [1m[34mSELECT "events".* FROM "events" WHERE "events"."issue_id" = $1[0m  [["issue_id", 2]]
Completed 200 OK in 5ms (Views: 3.1ms | ActiveRecord: 0.8ms)


